<?xml version="1.0" encoding="UTF-8"?>
<testsuite xmlns:xsi="http://www.w3.org/2001/XMLSchema-instance" xsi:noNamespaceSchemaLocation="https://maven.apache.org/surefire/maven-surefire-plugin/xsd/surefire-test-report-3.0.xsd" version="3.0" name="playwrightTraditional.BookstoreE2ETest" time="131.79" tests="1" errors="0" skipped="0" failures="0">
  <properties>
[...]
</properties>
  <testcase name="bookstore_purchase_pathway" classname="playwrightTraditional.BookstoreE2ETest" time="115.499">
    <system-out><![CDATA[Cart page loaded successfully: Your Shopping Cart
Promo code rejection detected successfully.
Checkout page loaded: Create Account visible
DEBUG: Contact Information heading is visible on the page.
DEBUG: Found 3 elements with text 'Contact Information'.
DEBUG: Element #0 visible=false | snippet='Errors were found with the contact information you provided. Please check the errors below.'
DEBUG: Element #1 visible=true | snippet='Contact Information'
DEBUG: Element #2 visible=false | snippet='Errors were found with the contact information you provided. Please check the errors below.
    '
DEBUG: Combined text near 'Contact Information': Contact Information
Edit
Full Name
Taylor Jordan
Email Address
taylor.jordan+test@depaul.edu
Phone Number
+312-555-1212
DEBUG: Combined text near 'Contact Information': Contact Information
Edit
Full Name
Taylor Jordan
Email Address
taylor.jordan+test@depaul.edu
Phone Number
+312-555-1212
DEBUG: Combined text near 'Contact Information': Contact Information
Edit
Full Name
Taylor Jordan
Email Address
taylor.jordan+test@depaul.edu
Phone Number
+312-555-1212
DEBUG: Combined text near 'Contact Information': Contact Information
Edit
Full Name
Taylor Jordan
Email Address
taylor.jordan+test@depaul.edu
Phone Number
+312-555-1212
DEBUG: Checking Pickup Information section...
DEBUG: Pickup Section Text:
Pick Up Information
DEBUG: Pickup container found; visible? true
DEBUG: Final pickup location visible? true
DEBUG: 'I'll pick them up' visible? true
DEBUG: Tax still TBD after retries — skipping exact total validation.
DEBUG: Clicked Continue on Pickup Information page
DEBUG: Payment section detected!
DEBUG: Payment tax never updated — skipping exact total validation.
DEBUG: JBL item present in Payment page HTML? true
DEBUG: Price '$164.98' found in Payment page HTML? true
]]></system-out>
  </testcase>
</testsuite>